#
# A fatal error has been detected by the Java Runtime Environment:
#
#  EXCEPTION_ACCESS_VIOLATION (0xc0000005) at pc=0x0000000055c7a0a5, pid=6208, tid=0x000000000000286c
#
# JRE version: Java(TM) SE Runtime Environment (8.0_101-b13) (build 1.8.0_101-b13)
# Java VM: Java HotSpot(TM) 64-Bit Server VM (25.101-b13 mixed mode windows-amd64 compressed oops)
# Problematic frame:
# V  [jvm.dll+0x12a0a5]
#
# Failed to write core dump. Minidumps are not enabled by default on client versions of Windows
#
# If you would like to submit a bug report, please visit:
#   http://bugreport.java.com/bugreport/crash.jsp
#

---------------  T H R E A D  ---------------

Current thread (0x000000001eb3d800):  JavaThread "JDWP Transport Listener: dt_socket" daemon [_thread_in_vm, id=10348, stack(0x000000001f630000,0x000000001f730000)]

siginfo: ExceptionCode=0xc0000005, reading address 0xffffffffffffffff

Registers:
RAX=0x000000001f72f301, RBX=0x000000001eb3d800, RCX=0x3b6e6f6974706563, RDX=0x0000000000000000
RSP=0x000000001f72f350, RBP=0x3b6e6f6974706563, RSI=0x000000001f72f468, RDI=0x0000000001768670
R8 =0x000000001eb3d800, R9 =0x0000000000008000, R10=0x0000000000000000, R11=0x0000000023804a4c
R12=0x0000000000000000, R13=0x000000001eb3e178, R14=0x0000000000000000, R15=0x0000000000000000
RIP=0x0000000055c7a0a5, EFLAGS=0x0000000000010206

Top of Stack: (sp=0x000000001f72f350)
0x000000001f72f350:   000000001eb3d800 000000001eb3d800
0x000000001f72f360:   000000001f72f418 0000000055e82f0b
0x000000001f72f370:   000000001eb3d800 0000000055e9f76d
0x000000001f72f380:   0000000000000000 0000000054e49155
0x000000001f72f390:   0000000024634ad8 0000000054e5291e
0x000000001f72f3a0:   000000001eb3d800 0000000000000000
0x000000001f72f3b0:   0000000000000000 0000000000000000
0x000000001f72f3c0:   3b6e6f6974706563 0000000054e51a15
0x000000001f72f3d0:   000000001f72f468 000000001f72f440
0x000000001f72f3e0:   0000000000000001 0000000024634ad8
0x000000001f72f3f0:   3b6e6f6974706563 0000000054e353b3
0x000000001f72f400:   000000001f72f530 0000000000000001
0x000000001f72f410:   0000000000000001 0000000024634ad8
0x000000001f72f420:   00000000f000100a 0000000000000000
0x000000001f72f430:   0000000000000000 0000000000000000
0x000000001f72f440:   0000000000000001 0000000054e35571 

Instructions: (pc=0x0000000055c7a0a5)
0x0000000055c7a085:   cc cc cc cc cc cc cc cc cc cc cc 48 83 ec 28 48
0x0000000055c7a095:   85 c9 75 07 33 c0 48 83 c4 28 c3 48 89 5c 24 20
0x0000000055c7a0a5:   48 8b 19 48 85 db 74 20 48 83 fb 37 74 1a 48 8b
0x0000000055c7a0b5:   13 48 8b cb ff 52 10 84 c0 74 0d 48 8b c3 48 8b 


Register to memory mapping:

RAX=0x000000001f72f301 is pointing into the stack for thread: 0x000000001eb3d800
RBX=0x000000001eb3d800 is a thread
RCX=0x3b6e6f6974706563 is an unknown value
RDX=0x0000000000000000 is an unknown value
RSP=0x000000001f72f350 is pointing into the stack for thread: 0x000000001eb3d800
RBP=0x3b6e6f6974706563 is an unknown value
RSI=0x000000001f72f468 is pointing into the stack for thread: 0x000000001eb3d800
RDI=0x0000000001768670 is an unknown value
R8 =0x000000001eb3d800 is a thread
R9 =0x0000000000008000 is an unknown value
R10=0x0000000000000000 is an unknown value
R11=0x0000000023804a4c is an unknown value
R12=0x0000000000000000 is an unknown value
R13=0x000000001eb3e178 is an unknown value
R14=0x0000000000000000 is an unknown value
R15=0x0000000000000000 is an unknown value


Stack: [0x000000001f630000,0x000000001f730000],  sp=0x000000001f72f350,  free space=1020k
Native frames: (J=compiled Java code, j=interpreted, Vv=VM code, C=native code)
V  [jvm.dll+0x12a0a5]
V  [jvm.dll+0x34f76d]
C  [jdwp.dll+0x21a15]
C  [jdwp.dll+0x53b3]
C  [jdwp.dll+0x5571]
C  [jdwp.dll+0xf0a8]
C  [jdwp.dll+0x1f2d5]
C  [jdwp.dll+0x1f4aa]
V  [jvm.dll+0x1bd258]
V  [jvm.dll+0x2451a4]
V  [jvm.dll+0x29c18a]
C  [msvcr100.dll+0x21d9f]
C  [msvcr100.dll+0x21e3b]
C  [KERNEL32.DLL+0x8364]
C  [ntdll.dll+0x670d1]


---------------  P R O C E S S  ---------------

Java Threads: ( => current thread )
  0x0000000022239800 JavaThread "ForkJoinPool.commonPool-worker-6" daemon [_thread_blocked, id=6672, stack(0x00000000283c0000,0x00000000284c0000)]
  0x0000000022235000 JavaThread "ForkJoinPool.commonPool-worker-15" daemon [_thread_blocked, id=1600, stack(0x00000000282c0000,0x00000000283c0000)]
  0x0000000022236000 JavaThread "ForkJoinPool.commonPool-worker-2" daemon [_thread_blocked, id=628, stack(0x00000000281c0000,0x00000000282c0000)]
  0x0000000022233000 JavaThread "ForkJoinPool.commonPool-worker-4" daemon [_thread_blocked, id=11320, stack(0x00000000280c0000,0x00000000281c0000)]
  0x0000000022238000 JavaThread "ForkJoinPool.commonPool-worker-9" daemon [_thread_blocked, id=12104, stack(0x0000000027fc0000,0x00000000280c0000)]
  0x0000000022237800 JavaThread "ForkJoinPool.commonPool-worker-13" daemon [_thread_blocked, id=11460, stack(0x0000000027ec0000,0x0000000027fc0000)]
  0x0000000022232000 JavaThread "ForkJoinPool.commonPool-worker-11" daemon [_thread_blocked, id=9456, stack(0x0000000027dc0000,0x0000000027ec0000)]
  0x00000000220eb800 JavaThread "com.google.inject.internal.util.$Finalizer" daemon [_thread_blocked, id=9100, stack(0x00000000265b0000,0x00000000266b0000)]
  0x00000000220ee000 JavaThread "EMF Reference Cleaner" daemon [_thread_blocked, id=6388, stack(0x00000000260b0000,0x00000000261b0000)]
  0x00000000220ec800 JavaThread "pool-1-thread-6" [_thread_blocked, id=7244, stack(0x0000000025cb0000,0x0000000025db0000)]
  0x00000000220ee800 JavaThread "pool-1-thread-5" [_thread_blocked, id=11140, stack(0x0000000025bb0000,0x0000000025cb0000)]
  0x00000000220f1000 JavaThread "pool-1-thread-4" [_thread_blocked, id=9440, stack(0x0000000025ab0000,0x0000000025bb0000)]
  0x00000000220f0800 JavaThread "pool-1-thread-3" [_thread_blocked, id=456, stack(0x00000000259b0000,0x0000000025ab0000)]
  0x00000000220ef800 JavaThread "pool-1-thread-1" [_thread_blocked, id=5872, stack(0x00000000258b0000,0x00000000259b0000)]
  0x0000000021514800 JavaThread "pool-1-thread-2" [_thread_blocked, id=1736, stack(0x00000000257b0000,0x00000000258b0000)]
  0x0000000020f20000 JavaThread "ForkJoinPool.commonPool-worker-6" daemon [_thread_blocked, id=9312, stack(0x00000000256b0000,0x00000000257b0000)]
  0x0000000023654800 JavaThread "ForkJoinPool.commonPool-worker-4" daemon [_thread_blocked, id=5684, stack(0x00000000243a0000,0x00000000244a0000)]
  0x0000000023653800 JavaThread "ForkJoinPool.commonPool-worker-3" daemon [_thread_blocked, id=6904, stack(0x00000000242a0000,0x00000000243a0000)]
  0x0000000023658000 JavaThread "ForkJoinPool.commonPool-worker-2" daemon [_thread_blocked, id=8508, stack(0x0000000023ee0000,0x0000000023fe0000)]
  0x0000000023242000 JavaThread "ForkJoinPool.commonPool-worker-1" daemon [_thread_blocked, id=4724, stack(0x0000000022c00000,0x0000000022d00000)]
  0x000000001eb62000 JavaThread "Service Thread" daemon [_thread_blocked, id=12220, stack(0x000000001fd30000,0x000000001fe30000)]
  0x000000001eb74000 JavaThread "C1 CompilerThread3" daemon [_thread_blocked, id=2780, stack(0x000000001fc30000,0x000000001fd30000)]
  0x000000001eb6f800 JavaThread "C2 CompilerThread2" daemon [_thread_blocked, id=1884, stack(0x000000001fb30000,0x000000001fc30000)]
  0x000000001eb6e800 JavaThread "C2 CompilerThread1" daemon [_thread_blocked, id=2244, stack(0x000000001fa30000,0x000000001fb30000)]
  0x000000001eb5d800 JavaThread "C2 CompilerThread0" daemon [_thread_blocked, id=5536, stack(0x000000001f930000,0x000000001fa30000)]
  0x000000001eb52000 JavaThread "JDWP Command Reader" daemon [_thread_in_native, id=6764, stack(0x000000001f830000,0x000000001f930000)]
  0x000000001eb4d000 JavaThread "JDWP Event Helper Thread" daemon [_thread_blocked, id=12108, stack(0x000000001f730000,0x000000001f830000)]
=>0x000000001eb3d800 JavaThread "JDWP Transport Listener: dt_socket" daemon [_thread_in_vm, id=10348, stack(0x000000001f630000,0x000000001f730000)]
  0x000000001eb32000 JavaThread "Attach Listener" daemon [_thread_blocked, id=9348, stack(0x000000001f1f0000,0x000000001f2f0000)]
  0x000000001eb31000 JavaThread "Signal Dispatcher" daemon [_thread_blocked, id=12400, stack(0x000000001f0f0000,0x000000001f1f0000)]
  0x000000001eb20800 JavaThread "Finalizer" daemon [_thread_blocked, id=864, stack(0x000000001ef00000,0x000000001f000000)]
  0x000000001cc3f800 JavaThread "Reference Handler" daemon [_thread_blocked, id=10888, stack(0x000000001ea00000,0x000000001eb00000)]
  0x000000000315b000 JavaThread "main" [_thread_blocked, id=2008, stack(0x0000000003050000,0x0000000003150000)]

Other Threads:
  0x000000001cc36800 VMThread [stack: 0x000000001e900000,0x000000001ea00000] [id=2772]
  0x000000001eccc800 WatcherThread [stack: 0x000000001fe30000,0x000000001ff30000] [id=1948]

VM state:not at safepoint (normal execution)

VM Mutex/Monitor currently owned by a thread: None

Heap:
 PSYoungGen      total 795648K, used 289750K [0x000000076b800000, 0x00000007a4100000, 0x00000007c0000000)
  eden space 733696K, 31% used [0x000000076b800000,0x000000077967a208,0x0000000798480000)
  from space 61952K, 99% used [0x00000007a0480000,0x00000007a40fb6a8,0x00000007a4100000)
  to   space 74240K, 0% used [0x000000079b000000,0x000000079b000000,0x000000079f880000)
 ParOldGen       total 139264K, used 45787K [0x00000006c2800000, 0x00000006cb000000, 0x000000076b800000)
  object space 139264K, 32% used [0x00000006c2800000,0x00000006c54b6df0,0x00000006cb000000)
 Metaspace       used 32565K, capacity 33628K, committed 34688K, reserved 1079296K
  class space    used 4288K, capacity 4667K, committed 4992K, reserved 1048576K

Card table byte_map: [0x0000000012610000,0x0000000012e00000] byte_map_base: 0x000000000effc000

Marking Bits: (ParMarkBitMap*) 0x000000005636a6d0
 Begin Bits: [0x0000000013b50000, 0x0000000017ab0000)
 End Bits:   [0x0000000017ab0000, 0x000000001ba10000)

Polling page: 0x0000000001750000

CodeCache: size=245760Kb used=12810Kb max_used=12851Kb free=232949Kb
 bounds [0x0000000003250000, 0x0000000003ef0000, 0x0000000012250000]
 total_blobs=4906 nmethods=4409 adapters=417
 compilation: enabled

Compilation events (10 events):
Event: 6.831 Thread 0x000000001eb5d800 4943       4       java.util.HashMap$Node::<init> (26 bytes)
Event: 6.832 Thread 0x000000001eb5d800 nmethod 4943 0x0000000003de5510 code [0x0000000003de5640, 0x0000000003de56d8]
Event: 6.832 Thread 0x000000001eb5d800 4914       4       java.util.LinkedHashMap$Entry::<init> (10 bytes)
Event: 6.832 Thread 0x000000001eb5d800 nmethod 4914 0x0000000003e47f10 code [0x0000000003e48040, 0x0000000003e480d8]
Event: 6.840 Thread 0x000000001eb6f800 nmethod 3805 0x0000000003ed2110 code [0x0000000003ed22c0, 0x0000000003ed2a48]
Event: 6.949 Thread 0x000000001eb6e800 nmethod 4875 0x0000000003ee2b10 code [0x0000000003ee2e80, 0x0000000003ee82f0]
Event: 9.946 Thread 0x000000001eb5d800 4989       4       java.nio.CharBuffer::hasArray (20 bytes)
Event: 9.948 Thread 0x000000001eb5d800 nmethod 4989 0x0000000003ece190 code [0x0000000003ece2c0, 0x0000000003ece358]
Event: 11.161 Thread 0x000000001eb6f800 4991       4       java.lang.invoke.InvokerBytecodeGenerator::isStaticallyNameable (116 bytes)
Event: 11.168 Thread 0x000000001eb6f800 nmethod 4991 0x0000000003edac50 code [0x0000000003edade0, 0x0000000003edb2c8]

GC Heap History (10 events):
Event: 2.868 GC heap before
{Heap before GC invocations=7 (full 0):
 PSYoungGen      total 278528K, used 278505K [0x000000076b800000, 0x000000077f200000, 0x00000007c0000000)
  eden space 253952K, 100% used [0x000000076b800000,0x000000077b000000,0x000000077b000000)
  from space 24576K, 99% used [0x000000077ce00000,0x000000077e5fa758,0x000000077e600000)
  to   space 30720K, 0% used [0x000000077b000000,0x000000077b000000,0x000000077ce00000)
 ParOldGen       total 173568K, used 16472K [0x00000006c2800000, 0x00000006cd180000, 0x000000076b800000)
  object space 173568K, 9% used [0x00000006c2800000,0x00000006c3816168,0x00000006cd180000)
 Metaspace       used 14886K, capacity 15400K, committed 15744K, reserved 1062912K
  class space    used 1833K, capacity 2092K, committed 2176K, reserved 1048576K
Event: 2.898 GC heap after
Heap after GC invocations=7 (full 0):
 PSYoungGen      total 284672K, used 30704K [0x000000076b800000, 0x0000000790d00000, 0x00000007c0000000)
  eden space 253952K, 0% used [0x000000076b800000,0x000000076b800000,0x000000077b000000)
  from space 30720K, 99% used [0x000000077b000000,0x000000077cdfc3e0,0x000000077ce00000)
  to   space 51712K, 0% used [0x000000078da80000,0x000000078da80000,0x0000000790d00000)
 ParOldGen       total 173568K, used 46636K [0x00000006c2800000, 0x00000006cd180000, 0x000000076b800000)
  object space 173568K, 26% used [0x00000006c2800000,0x00000006c558b010,0x00000006cd180000)
 Metaspace       used 14886K, capacity 15400K, committed 15744K, reserved 1062912K
  class space    used 1833K, capacity 2092K, committed 2176K, reserved 1048576K
}
Event: 3.415 GC heap before
{Heap before GC invocations=8 (full 0):
 PSYoungGen      total 284672K, used 284656K [0x000000076b800000, 0x0000000790d00000, 0x00000007c0000000)
  eden space 253952K, 100% used [0x000000076b800000,0x000000077b000000,0x000000077b000000)
  from space 30720K, 99% used [0x000000077b000000,0x000000077cdfc3e0,0x000000077ce00000)
  to   space 51712K, 0% used [0x000000078da80000,0x000000078da80000,0x0000000790d00000)
 ParOldGen       total 173568K, used 46636K [0x00000006c2800000, 0x00000006cd180000, 0x000000076b800000)
  object space 173568K, 26% used [0x00000006c2800000,0x00000006c558b010,0x00000006cd180000)
 Metaspace       used 14937K, capacity 15406K, committed 15744K, reserved 1062912K
  class space    used 1838K, capacity 2093K, committed 2176K, reserved 1048576K
Event: 3.437 GC heap after
Heap after GC invocations=8 (full 0):
 PSYoungGen      total 553472K, used 42887K [0x000000076b800000, 0x0000000791900000, 0x00000007c0000000)
  eden space 501760K, 0% used [0x000000076b800000,0x000000076b800000,0x000000078a200000)
  from space 51712K, 82% used [0x000000078da80000,0x0000000790461e40,0x0000000790d00000)
  to   space 57856K, 0% used [0x000000078a200000,0x000000078a200000,0x000000078da80000)
 ParOldGen       total 173568K, used 47992K [0x00000006c2800000, 0x00000006cd180000, 0x000000076b800000)
  object space 173568K, 27% used [0x00000006c2800000,0x00000006c56de020,0x00000006cd180000)
 Metaspace       used 14937K, capacity 15406K, committed 15744K, reserved 1062912K
  class space    used 1838K, capacity 2093K, committed 2176K, reserved 1048576K
}
Event: 4.275 GC heap before
{Heap before GC invocations=9 (full 0):
 PSYoungGen      total 553472K, used 364038K [0x000000076b800000, 0x0000000791900000, 0x00000007c0000000)
  eden space 501760K, 64% used [0x000000076b800000,0x000000077f19fb10,0x000000078a200000)
  from space 51712K, 82% used [0x000000078da80000,0x0000000790461e40,0x0000000790d00000)
  to   space 57856K, 0% used [0x000000078a200000,0x000000078a200000,0x000000078da80000)
 ParOldGen       total 173568K, used 47992K [0x00000006c2800000, 0x00000006cd180000, 0x000000076b800000)
  object space 173568K, 27% used [0x00000006c2800000,0x00000006c56de020,0x00000006cd180000)
 Metaspace       used 19757K, capacity 21234K, committed 21296K, reserved 1067008K
  class space    used 2626K, capacity 3138K, committed 3200K, reserved 1048576K
Event: 4.301 GC heap after
Heap after GC invocations=9 (full 0):
 PSYoungGen      total 559616K, used 42531K [0x000000076b800000, 0x00000007a4100000, 0x00000007c0000000)
  eden space 501760K, 0% used [0x000000076b800000,0x000000076b800000,0x000000078a200000)
  from space 57856K, 73% used [0x000000078a200000,0x000000078cb88c80,0x000000078da80000)
  to   space 61952K, 0% used [0x00000007a0480000,0x00000007a0480000,0x00000007a4100000)
 ParOldGen       total 173568K, used 49888K [0x00000006c2800000, 0x00000006cd180000, 0x000000076b800000)
  object space 173568K, 28% used [0x00000006c2800000,0x00000006c58b8020,0x00000006cd180000)
 Metaspace       used 19757K, capacity 21234K, committed 21296K, reserved 1067008K
  class space    used 2626K, capacity 3138K, committed 3200K, reserved 1048576K
}
Event: 4.301 GC heap before
{Heap before GC invocations=10 (full 1):
 PSYoungGen      total 559616K, used 42531K [0x000000076b800000, 0x00000007a4100000, 0x00000007c0000000)
  eden space 501760K, 0% used [0x000000076b800000,0x000000076b800000,0x000000078a200000)
  from space 57856K, 73% used [0x000000078a200000,0x000000078cb88c80,0x000000078da80000)
  to   space 61952K, 0% used [0x00000007a0480000,0x00000007a0480000,0x00000007a4100000)
 ParOldGen       total 173568K, used 49888K [0x00000006c2800000, 0x00000006cd180000, 0x000000076b800000)
  object space 173568K, 28% used [0x00000006c2800000,0x00000006c58b8020,0x00000006cd180000)
 Metaspace       used 19757K, capacity 21234K, committed 21296K, reserved 1067008K
  class space    used 2626K, capacity 3138K, committed 3200K, reserved 1048576K
Event: 4.340 GC heap after
Heap after GC invocations=10 (full 1):
 PSYoungGen      total 559616K, used 0K [0x000000076b800000, 0x00000007a4100000, 0x00000007c0000000)
  eden space 501760K, 0% used [0x000000076b800000,0x000000076b800000,0x000000078a200000)
  from space 57856K, 0% used [0x000000078a200000,0x000000078a200000,0x000000078da80000)
  to   space 61952K, 0% used [0x00000007a0480000,0x00000007a0480000,0x00000007a4100000)
 ParOldGen       total 139264K, used 39763K [0x00000006c2800000, 0x00000006cb000000, 0x000000076b800000)
  object space 139264K, 28% used [0x00000006c2800000,0x00000006c4ed4d50,0x00000006cb000000)
 Metaspace       used 19135K, capacity 19972K, committed 21296K, reserved 1067008K
  class space    used 2395K, capacity 2723K, committed 3200K, reserved 1048576K
}
Event: 6.435 GC heap before
{Heap before GC invocations=11 (full 1):
 PSYoungGen      total 559616K, used 501760K [0x000000076b800000, 0x00000007a4100000, 0x00000007c0000000)
  eden space 501760K, 100% used [0x000000076b800000,0x000000078a200000,0x000000078a200000)
  from space 57856K, 0% used [0x000000078a200000,0x000000078a200000,0x000000078da80000)
  to   space 61952K, 0% used [0x00000007a0480000,0x00000007a0480000,0x00000007a4100000)
 ParOldGen       total 139264K, used 39763K [0x00000006c2800000, 0x00000006cb000000, 0x000000076b800000)
  object space 139264K, 28% used [0x00000006c2800000,0x00000006c4ed4d50,0x00000006cb000000)
 Metaspace       used 32301K, capacity 33336K, committed 34432K, reserved 1079296K
  class space    used 4248K, capacity 4637K, committed 4992K, reserved 1048576K
Event: 6.478 GC heap after
Heap after GC invocations=11 (full 1):
 PSYoungGen      total 795648K, used 61933K [0x000000076b800000, 0x00000007a4100000, 0x00000007c0000000)
  eden space 733696K, 0% used [0x000000076b800000,0x000000076b800000,0x0000000798480000)
  from space 61952K, 99% used [0x00000007a0480000,0x00000007a40fb6a8,0x00000007a4100000)
  to   space 74240K, 0% used [0x000000079b000000,0x000000079b000000,0x000000079f880000)
 ParOldGen       total 139264K, used 45787K [0x00000006c2800000, 0x00000006cb000000, 0x000000076b800000)
  object space 139264K, 32% used [0x00000006c2800000,0x00000006c54b6df0,0x00000006cb000000)
 Metaspace       used 32301K, capacity 33336K, committed 34432K, reserved 1079296K
  class space    used 4248K, capacity 4637K, committed 4992K, reserved 1048576K
}

Deoptimization events (10 events):
Event: 6.743 Thread 0x00000000220f0800 Uncommon trap: reason=unstable_if action=reinterpret pc=0x0000000003b81d70 method=java.util.HashMap.putVal(ILjava/lang/Object;Ljava/lang/Object;ZZ)Ljava/lang/Object; @ 162
Event: 6.743 Thread 0x00000000220f0800 Uncommon trap: reason=unstable_if action=reinterpret pc=0x000000000387e108 method=java.util.HashMap.resize()[Ljava/util/HashMap$Node; @ 206
Event: 6.743 Thread 0x00000000220f0800 Uncommon trap: reason=unstable_if action=reinterpret pc=0x0000000003b4fb60 method=java.util.HashMap.getNode(ILjava/lang/Object;)Ljava/util/HashMap$Node; @ 84
Event: 6.743 Thread 0x00000000220f0800 Uncommon trap: reason=unstable_if action=reinterpret pc=0x0000000003aa5684 method=java.util.HashMap.getNode(ILjava/lang/Object;)Ljava/util/HashMap$Node; @ 84
Event: 9.945 Thread 0x00000000220ef800 Uncommon trap: reason=bimorphic action=maybe_recompile pc=0x0000000003921da0 method=java.io.DataInputStream.readInt()I @ 4
Event: 9.945 Thread 0x00000000220ef800 Uncommon trap: reason=bimorphic action=maybe_recompile pc=0x0000000003921da0 method=java.io.DataInputStream.readInt()I @ 4
Event: 9.955 Thread 0x00000000220ef800 Uncommon trap: reason=predicate action=maybe_recompile pc=0x0000000003ec2d78 method=java.util.ArrayList$ArrayListSpliterator.forEachRemaining(Ljava/util/function/Consumer;)V @ 90
Event: 11.167 Thread 0x00000000220ef800 Uncommon trap: reason=class_check action=maybe_recompile pc=0x0000000003e71d6c method=java.util.stream.AbstractPipeline.evaluate(Ljava/util/stream/TerminalOp;)Ljava/lang/Object; @ 60
Event: 11.169 Thread 0x00000000220ef800 Uncommon trap: reason=predicate action=maybe_recompile pc=0x0000000003eb83a0 method=java.util.ArrayList$ArrayListSpliterator.forEachRemaining(Ljava/util/function/Consumer;)V @ 90
Event: 11.169 Thread 0x0000000023654800 Uncommon trap: reason=predicate action=maybe_recompile pc=0x0000000003eb83a0 method=java.util.ArrayList$ArrayListSpliterator.forEachRemaining(Ljava/util/function/Consumer;)V @ 90

Internal exceptions (10 events):
Event: 5.188 Thread 0x00000000220ec800 Exception <a 'java/lang/ArrayIndexOutOfBoundsException': 64> (0x00000007726f8838) thrown at [C:\re\workspace\8-2-build-windows-amd64-cygwin\jdk8u101\7261\hotspot\src\share\vm\interpreter\interpreterRuntime.cpp, line 366]
Event: 5.188 Thread 0x00000000220ec800 Exception <a 'java/lang/ArrayIndexOutOfBoundsException': 67> (0x00000007726fa098) thrown at [C:\re\workspace\8-2-build-windows-amd64-cygwin\jdk8u101\7261\hotspot\src\share\vm\interpreter\interpreterRuntime.cpp, line 366]
Event: 5.188 Thread 0x00000000220ec800 Exception <a 'java/lang/ArrayIndexOutOfBoundsException': 72> (0x00000007726fc4b0) thrown at [C:\re\workspace\8-2-build-windows-amd64-cygwin\jdk8u101\7261\hotspot\src\share\vm\interpreter\interpreterRuntime.cpp, line 366]
Event: 5.217 Thread 0x00000000220ec800 Exception <a 'java/lang/ArrayIndexOutOfBoundsException': 163> (0x0000000772aa7240) thrown at [C:\re\workspace\8-2-build-windows-amd64-cygwin\jdk8u101\7261\hotspot\src\share\vm\interpreter\interpreterRuntime.cpp, line 366]
Event: 5.231 Thread 0x00000000220ec800 Exception <a 'java/lang/ArrayIndexOutOfBoundsException': 96> (0x0000000772bf5688) thrown at [C:\re\workspace\8-2-build-windows-amd64-cygwin\jdk8u101\7261\hotspot\src\share\vm\interpreter\interpreterRuntime.cpp, line 366]
Event: 5.279 Thread 0x00000000220ec800 Exception <a 'java/lang/ArrayIndexOutOfBoundsException': 40> (0x00000007732fdbb8) thrown at [C:\re\workspace\8-2-build-windows-amd64-cygwin\jdk8u101\7261\hotspot\src\share\vm\interpreter\interpreterRuntime.cpp, line 366]
Event: 5.319 Thread 0x00000000220ec800 Exception <a 'java/lang/ArrayIndexOutOfBoundsException': 75> (0x000000077387ec48) thrown at [C:\re\workspace\8-2-build-windows-amd64-cygwin\jdk8u101\7261\hotspot\src\share\vm\interpreter\interpreterRuntime.cpp, line 366]
Event: 5.401 Thread 0x0000000021514800 Implicit null exception at 0x00000000034c8a5c to 0x00000000034c8f05
Event: 11.168 Thread 0x00000000220ef800 Exception <a 'java/lang/IncompatibleClassChangeError': Found class java.lang.Object, but interface was expected> (0x0000000777b74e50) thrown at [C:\re\workspace\8-2-build-windows-amd64-cygwin\jdk8u101\7261\hotspot\src\share\vm\interpreter\linkResolver.cpp,ðKI{òU&@
Event: 11.168 Thread 0x0000000023654800 Exception <a 'java/lang/IncompatibleClassChangeError': Found class java.lang.Object, but interface was expected> (0x0000000778bbdbc0) thrown at [C:\re\workspace\8-2-build-windows-amd64-cygwin\jdk8u101\7261\hotspot\src\share\vm\interpreter\linkResolver.cpp,ˆb˜;À@

Events (10 events):
Event: 11.420 Executing VM operation: GetOrSetLocal
Event: 11.420 Executing VM operation: GetOrSetLocal done
Event: 11.420 Executing VM operation: GetOrSetLocal
Event: 11.421 Executing VM operation: GetOrSetLocal done
Event: 11.421 Executing VM operation: GetOrSetLocal
Event: 11.421 Executing VM operation: GetOrSetLocal done
Event: 11.421 Executing VM operation: GetOrSetLocal
Event: 11.421 Executing VM operation: GetOrSetLocal done
Event: 28.801 Executing VM operation: RedefineClasses
Event: 28.822 Executing VM operation: RedefineClasses done


Dynamic libraries:
0x00007ff7000f0000 - 0x00007ff700127000 	C:\Program Files\Java\jre1.8.0_101\bin\javaw.exe
0x00007ffdb5be0000 - 0x00007ffdb5db1000 	C:\WINDOWS\SYSTEM32\ntdll.dll
0x00007ffdb3fa0000 - 0x00007ffdb404b000 	C:\WINDOWS\System32\KERNEL32.DLL
0x00007ffdb22a0000 - 0x00007ffdb24bd000 	C:\WINDOWS\System32\KERNELBASE.dll
0x00007ffdb3890000 - 0x00007ffdb3932000 	C:\WINDOWS\System32\ADVAPI32.dll
0x00007ffdb3ab0000 - 0x00007ffdb3b4e000 	C:\WINDOWS\System32\msvcrt.dll
0x00007ffdb40d0000 - 0x00007ffdb4129000 	C:\WINDOWS\System32\sechost.dll
0x00007ffdb3360000 - 0x00007ffdb3481000 	C:\WINDOWS\System32\RPCRT4.dll
0x00007ffdb5770000 - 0x00007ffdb58d5000 	C:\WINDOWS\System32\USER32.dll
0x00007ffdb24c0000 - 0x00007ffdb24de000 	C:\WINDOWS\System32\win32u.dll
0x00007ffdb3a70000 - 0x00007ffdb3aa4000 	C:\WINDOWS\System32\GDI32.dll
0x00007ffdb2810000 - 0x00007ffdb2992000 	C:\WINDOWS\System32\gdi32full.dll
0x00007ffda9690000 - 0x00007ffda9909000 	C:\WINDOWS\WinSxS\amd64_microsoft.windows.common-controls_6595b64144ccf1df_6.0.14393.447_none_42191651c6827bb3\COMCTL32.dll
0x00007ffdb5910000 - 0x00007ffdb5bd8000 	C:\WINDOWS\System32\combase.dll
0x00007ffdb25f0000 - 0x00007ffdb26e5000 	C:\WINDOWS\System32\ucrtbase.dll
0x00007ffdb27a0000 - 0x00007ffdb280a000 	C:\WINDOWS\System32\bcryptPrimitives.dll
0x00007ffdb58e0000 - 0x00007ffdb590e000 	C:\WINDOWS\System32\IMM32.DLL
0x0000000054e70000 - 0x0000000054f42000 	C:\Program Files\Java\jre1.8.0_101\bin\msvcr100.dll
0x0000000055b50000 - 0x00000000563ea000 	C:\Program Files\Java\jre1.8.0_101\bin\server\jvm.dll
0x00007ffdb3170000 - 0x00007ffdb3178000 	C:\WINDOWS\System32\PSAPI.DLL
0x00007ffdb0590000 - 0x00007ffdb059a000 	C:\WINDOWS\SYSTEM32\VERSION.dll
0x00007ffdaeab0000 - 0x00007ffdaeab9000 	C:\WINDOWS\SYSTEM32\WSOCK32.dll
0x00007ffdaf120000 - 0x00007ffdaf143000 	C:\WINDOWS\SYSTEM32\WINMM.dll
0x00007ffdb5640000 - 0x00007ffdb56aa000 	C:\WINDOWS\System32\WS2_32.dll
0x00000000017a0000 - 0x00000000017cb000 	C:\WINDOWS\SYSTEM32\WINMMBASE.dll
0x00007ffdb29a0000 - 0x00007ffdb29e2000 	C:\WINDOWS\System32\cfgmgr32.dll
0x0000000055a60000 - 0x0000000055a6f000 	C:\Program Files\Java\jre1.8.0_101\bin\verify.dll
0x0000000055a30000 - 0x0000000055a59000 	C:\Program Files\Java\jre1.8.0_101\bin\java.dll
0x0000000054e30000 - 0x0000000054e65000 	C:\Program Files\Java\jre1.8.0_101\bin\jdwp.dll
0x0000000054e20000 - 0x0000000054e28000 	C:\Program Files\Java\jre1.8.0_101\bin\npt.dll
0x0000000055a10000 - 0x0000000055a26000 	C:\Program Files\Java\jre1.8.0_101\bin\zip.dll
0x00007ffdb4130000 - 0x00007ffdb5639000 	C:\WINDOWS\System32\SHELL32.dll
0x00007ffdb29f0000 - 0x00007ffdb30ca000 	C:\WINDOWS\System32\windows.storage.dll
0x00007ffdb2070000 - 0x00007ffdb20bc000 	C:\WINDOWS\System32\powrprof.dll
0x00007ffdb4070000 - 0x00007ffdb40c2000 	C:\WINDOWS\System32\shlwapi.dll
0x00007ffdb20c0000 - 0x00007ffdb20cf000 	C:\WINDOWS\System32\kernel.appcore.dll
0x00007ffdb24e0000 - 0x00007ffdb2589000 	C:\WINDOWS\System32\shcore.dll
0x00007ffdb2040000 - 0x00007ffdb2054000 	C:\WINDOWS\System32\profapi.dll
0x0000000054e10000 - 0x0000000054e19000 	C:\Program Files\Java\jre1.8.0_101\bin\dt_socket.dll
0x00007ffd9b5c0000 - 0x00007ffd9b5d6000 	C:\WINDOWS\system32\napinsp.dll
0x00007ffd9b5a0000 - 0x00007ffd9b5ba000 	C:\WINDOWS\system32\pnrpnsp.dll
0x00007ffdae870000 - 0x00007ffdae888000 	C:\WINDOWS\system32\NLAapi.dll
0x00007ffdb1670000 - 0x00007ffdb16cc000 	C:\WINDOWS\System32\mswsock.dll
0x00007ffdb1440000 - 0x00007ffdb14e0000 	C:\WINDOWS\SYSTEM32\DNSAPI.dll
0x00007ffdb3b50000 - 0x00007ffdb3b58000 	C:\WINDOWS\System32\NSI.dll
0x00007ffdb1400000 - 0x00007ffdb1438000 	C:\WINDOWS\SYSTEM32\IPHLPAPI.DLL
0x00007ffd9d0a0000 - 0x00007ffd9d0ae000 	C:\WINDOWS\System32\winrnr.dll
0x00007ffdae040000 - 0x00007ffdae055000 	C:\WINDOWS\System32\wshbth.dll
0x00007ffda8fc0000 - 0x00007ffda902a000 	C:\WINDOWS\System32\fwpuclnt.dll
0x00007ffdb1a40000 - 0x00007ffdb1a6b000 	C:\WINDOWS\SYSTEM32\bcrypt.dll
0x00007ffda4d60000 - 0x00007ffda4d6a000 	C:\Windows\System32\rasadhlp.dll
0x00000000559f0000 - 0x0000000055a0a000 	C:\Program Files\Java\jre1.8.0_101\bin\net.dll
0x00007ffdb1b20000 - 0x00007ffdb1cb2000 	C:\WINDOWS\SYSTEM32\dbghelp.dll

VM Arguments:
jvm_args: -agentlib:jdwp=transport=dt_socket,suspend=y,address=localhost:57676 -Dfile.encoding=UTF-8 
java_command: it.unibo.alchemist.Alchemist -y src/main/yaml/sick-var-distance.yml -t 100 -b -var seed offset -e data/sick-distance-asd
java_class_path (initial): C:\Users\matte\Desktop\manta\Protelis-Sandbox\protelis-sandbox\bin;C:\Users\matte\.gradle\caches\modules-2\files-2.1\it.unibo.alchemist\alchemist\4.0.0\4ecf1232dab2e79db1d740e081b09429bc77c3b2\alchemist-4.0.0.jar;C:\Users\matte\.gradle\caches\modules-2\files-2.1\com.google.code.findbugs\findbugs\3.0.1\7ae69957c437fd71628d3904572170cf80c01551\findbugs-3.0.1.jar;C:\Users\matte\.gradle\caches\modules-2\files-2.1\org.apache.commons\commons-math3\3.6.1\e4ba98f1d4b3c80ec46392f25e094a6a2e58fcbf\commons-math3-3.6.1.jar;C:\Users\matte\.gradle\caches\modules-2\files-2.1\org.slf4j\slf4j-api\1.7.22\a1c83373863cec7ae8d89dc1c5722d8cb6ec0309\slf4j-api-1.7.22.jar;C:\Users\matte\.gradle\caches\modules-2\files-2.1\it.unibo.alchemist\alchemist-engine\4.0.0\cef519705a95ecabad24b18caf474dd83190b253\alchemist-engine-4.0.0.jar;C:\Users\matte\.gradle\caches\modules-2\files-2.1\it.unibo.alchemist\alchemist-enginedependentmodel\4.0.0\1431d791fc72044d047d941ed542d4001d6eba2\alchemist-enginedependentmodel-4.0.0.jar;C:\Users\matte\.gradle\caches\modules-2\files-2.1\it.unibo.alchemist\alchemist-implementationbase\7.10.0-4.0.0-937ac27\28d9a555ec66947b2d90d2034eafae22311418f2\alchemist-implementationbase-7.10.0-4.0.0-937ac27.jar;C:\Users\matte\.gradle\caches\modules-2\files-2.1\it.unibo.alchemist\alchemist-incarnation-biochemistry\4.0.0\906ca482630e7df09c0eaac8f7181ad8c0f1cb30\alchemist-incarnation-biochemistry-4.0.0.jar;C:\Users\matte\.gradle\caches\modules-2\files-2.1\it.unibo.alchemist\alchemist-incarnation-protelis\7.3.0-4.0.0-937ac27\d44bc4393b61c25c3bcfa2a5c762d556309fbe61\alchemist-incarnation-protelis-7.3.0-4.0.0-937ac27.jar;C:\Users\matte\.gradle\caches\modules-2\files-2.1\it.unibo.alchemist\alchemist-incarnation-sapere\5.3.3-4.0.0-937ac27\76644bed3ac939d8393c765f6a14b9eb49df1c22\alchemist-incarnation-sapere-5.3.3-4.0.0-937ac27.jar;C:\Users\matte\.gradle\caches\modules-2\files-2.1\it.unibo.alchemist\alchemist-interfaces\5.2.0-4.0.0-937ac27\e8f7768e4dc2a06dd2c3
Launcher Type: SUN_STANDARD

Environment Variables:
JAVA_HOME=C:\Program Files\Java\jdk1.8.0_101\
PATH=C:/Program Files/Java/jre1.8.0_101/bin/server;C:/Program Files/Java/jre1.8.0_101/bin;C:/Program Files/Java/jre1.8.0_101/lib/amd64;C:\ProgramData\Oracle\Java\javapath;C:\Program Files (x86)\Intel\iCLS Client\;C:\Program Files\Intel\iCLS Client\;C:\Windows\system32;C:\Windows;C:\Windows\System32\Wbem;C:\Windows\System32\WindowsPowerShell\v1.0\;C:\Program Files (x86)\NVIDIA Corporation\PhysX\Common;C:\Program Files (x86)\Intel\Intel(R) Management Engine Components\DAL;C:\Program Files\Intel\Intel(R) Management Engine Components\DAL;C:\Program Files (x86)\Intel\Intel(R) Management Engine Components\IPT;C:\Program Files\Intel\Intel(R) Management Engine Components\IPT;C:\Program Files\Intel\WiFi\bin\;C:\Program Files\Common Files\Intel\WirelessCommon\;C:\Program Files\Git\cmd;C:\Program Files\Git\mingw64\bin;C:\Program Files\Git\usr\bin;C:\Program Files (x86)\Skype\Phone\;%SystemRoot%\system32;%SystemRoot%;%SystemRoot%\System32\Wbem;%SYSTEMROOT%\System32\WindowsPowerShell\v1.0\;C:\Program Files\MiKTeX 2.9\miktex\bin\x64\;C:\Program Files (x86)\Haskell\bin;C:\ghc\ghc-7.6.1\bin;C:\Users\matte\Anaconda3;C:\Users\matte\Anaconda3\Scripts;C:\Users\matte\Anaconda3\Library\bin;C:\Users\matte\AppData\Local\Programs\Python\Python35\Scripts\;C:\Users\matte\AppData\Local\Programs\Python\Python35\;C:\Users\matte\Documents\gradle-3.1\bin\;C:\Users\matte\AppData\Local\Microsoft\WindowsApps;C:\Users\matte\AppData\Local\atom\bin;C:\WINDOWS\System32;
USERNAME=matte
OS=Windows_NT
PROCESSOR_IDENTIFIER=Intel64 Family 6 Model 94 Stepping 3, GenuineIntel



---------------  S Y S T E M  ---------------

OS: Windows 10.0 , 64 bit Build 14393 (10.0.14393.0)

CPU:total 8 (4 cores per cpu, 2 threads per core) family 6 model 94 stepping 3, cmov, cx8, fxsr, mmx, sse, sse2, sse3, ssse3, sse4.1, sse4.2, popcnt, avx, avx2, aes, clmul, erms, rtm, 3dnowpref, lzcnt, ht, tsc, tscinvbit, bmi1, bmi2, adx

Memory: 4k page, physical 16606236k(10662344k free), swap 19096604k(11795200k free)

vm_info: Java HotSpot(TM) 64-Bit Server VM (25.101-b13) for windows-amd64 JRE (1.8.0_101-b13), built on Jun 22 2016 01:21:29 by "java_re" with MS VC++ 10.0 (VS2010)

time: Thu Feb 02 11:59:08 2017
elapsed time: 28 seconds (0d 0h 0m 28s)

